Copyright 1986-2022 Xilinx, Inc. All Rights Reserved. Copyright 2022-2025 Advanced Micro Devices, Inc. All Rights Reserved.
---------------------------------------------------------------------------------------------------------------------------------------------
| Tool Version : Vivado v.2025.2 (lin64) Build 6299465 Fri Nov 14 12:34:56 MST 2025
| Date         : Tue Jun 16 11:37:15 2026
| Host         : abhishek-VMware-Virtual-Platform running 64-bit Ubuntu 24.04.2 LTS
| Command      : report_control_sets -verbose -file tick_to_trade_top_control_sets_placed.rpt
| Design       : tick_to_trade_top
| Device       : xcu200
---------------------------------------------------------------------------------------------------------------------------------------------

Control Set Information

Table of Contents
-----------------
1. Summary
2. Histogram
3. Flip-Flop Distribution
4. Detailed Control Set Information

1. Summary
----------

+----------------------------------------------------------+-------+
|                          Status                          | Count |
+----------------------------------------------------------+-------+
| Total control sets                                       |   115 |
|    Minimum number of control sets                        |   115 |
|    Addition due to synthesis replication                 |     0 |
|    Addition due to physical synthesis replication        |     0 |
| Unused register locations in slices containing registers |    27 |
+----------------------------------------------------------+-------+
* Control sets can be merged at opt_design using control_set_merge or merge_equivalent_drivers
** Run report_qor_suggestions for automated merging and remapping suggestions


2. Histogram
------------

+--------------------+-------+
|       Fanout       | Count |
+--------------------+-------+
| Total control sets |   115 |
| >= 0 to < 4        |     3 |
| >= 4 to < 6        |     0 |
| >= 6 to < 8        |     0 |
| >= 8 to < 10       |     5 |
| >= 10 to < 12      |     2 |
| >= 12 to < 14      |     0 |
| >= 14 to < 16      |     0 |
| >= 16              |   105 |
+--------------------+-------+
* Control sets can be remapped at either synth_design or opt_design


3. Flip-Flop Distribution
-------------------------

+--------------+-----------------------+------------------------+-----------------+--------------+
| Clock Enable | Synchronous Set/Reset | Asynchronous Set/Reset | Total Registers | Total Slices |
+--------------+-----------------------+------------------------+-----------------+--------------+
| No           | No                    | No                     |              33 |           11 |
| No           | No                    | Yes                    |             582 |          236 |
| No           | Yes                   | No                     |               0 |            0 |
| Yes          | No                    | No                     |             369 |           90 |
| Yes          | No                    | Yes                    |            3557 |          713 |
| Yes          | Yes                   | No                     |              32 |           10 |
+--------------+-----------------------+------------------------+-----------------+--------------+


4. Detailed Control Set Information
-----------------------------------

+----------------+--------------------------------------------------+----------------------------+------------------+----------------+--------------+
|  Clock Signal  |                   Enable Signal                  |      Set/Reset Signal      | Slice Load Count | Bel Load Count | Bels / Slice |
+----------------+--------------------------------------------------+----------------------------+------------------+----------------+--------------+
|  clk_IBUF_BUFG | u_book/state[1]_i_1_n_0                          | rst_n_IBUF_inst/O          |                2 |              2 |         1.00 |
|  clk_IBUF_BUFG | u_book/scan_bid_lv[cnt][2]_i_1_n_0               | rst_n_IBUF_inst/O          |                1 |              3 |         3.00 |
|  clk_IBUF_BUFG | u_book/scan_ask_lv[cnt][2]_i_1_n_0               | rst_n_IBUF_inst/O          |                3 |              3 |         1.00 |
|  clk_IBUF_BUFG | u_parser/msg_type_r[0]                           | rst_n_IBUF_inst/O          |                2 |              8 |         4.00 |
|  clk_IBUF_BUFG | u_book/proc_idx[7]_i_1_n_0                       | rst_n_IBUF_inst/O          |                5 |              8 |         1.60 |
|  clk_IBUF_BUFG | u_book/entries_reg[0][order_ref]_i_81_n_0        |                            |                1 |              8 |         8.00 |
|  clk_IBUF_BUFG | u_lat/aw_active                                  | rst_n_IBUF_inst/O          |                1 |              9 |         9.00 |
|  clk_IBUF_BUFG | u_book/scan_addr[8]_i_1_n_0                      | rst_n_IBUF_inst/O          |                3 |              9 |         3.00 |
|  clk_IBUF_BUFG | u_book/bid_lv[cnt][2]_i_1_n_0                    | rst_n_IBUF_inst/O          |                5 |             11 |         2.20 |
|  clk_IBUF_BUFG | u_book/ask_lv[cnt][2]_i_1_n_0                    | rst_n_IBUF_inst/O          |                3 |             11 |         3.67 |
|  clk_IBUF_BUFG | u_lat/ar_active0                                 | rst_n_IBUF_inst/O          |                2 |             19 |         9.50 |
|  clk_IBUF_BUFG | u_risk/risk_valid_c                              | rst_n_IBUF_inst/O          |                4 |             31 |         7.75 |
|  clk_IBUF_BUFG | u_lat/hist[37][31]_i_1_n_0                       | rst_n_IBUF_inst/O          |               21 |             32 |         1.52 |
|  clk_IBUF_BUFG | u_lat/hist[44][31]_i_1_n_0                       | rst_n_IBUF_inst/O          |               20 |             32 |         1.60 |
|  clk_IBUF_BUFG | u_lat/hist[1][31]_i_1_n_0                        | rst_n_IBUF_inst/O          |               20 |             32 |         1.60 |
|  clk_IBUF_BUFG | u_lat/hist[43][31]_i_1_n_0                       | rst_n_IBUF_inst/O          |               22 |             32 |         1.45 |
|  clk_IBUF_BUFG | u_lat/hist[42][31]_i_1_n_0                       | rst_n_IBUF_inst/O          |               19 |             32 |         1.68 |
|  clk_IBUF_BUFG | u_lat/hist[41][31]_i_1_n_0                       | rst_n_IBUF_inst/O          |               20 |             32 |         1.60 |
|  clk_IBUF_BUFG | u_lat/hist[40][31]_i_1_n_0                       | rst_n_IBUF_inst/O          |               23 |             32 |         1.39 |
|  clk_IBUF_BUFG | u_lat/hist[3][31]_i_1_n_0                        | rst_n_IBUF_inst/O          |               18 |             32 |         1.78 |
|  clk_IBUF_BUFG | u_lat/hist[39][31]_i_1_n_0                       | rst_n_IBUF_inst/O          |               18 |             32 |         1.78 |
|  clk_IBUF_BUFG | u_lat/hist[38][31]_i_1_n_0                       | rst_n_IBUF_inst/O          |               20 |             32 |         1.60 |
|  clk_IBUF_BUFG | u_lat/hist[47][31]_i_1_n_0                       | rst_n_IBUF_inst/O          |               23 |             32 |         1.39 |
|  clk_IBUF_BUFG | u_lat/hist[36][31]_i_1_n_0                       | rst_n_IBUF_inst/O          |               23 |             32 |         1.39 |
|  clk_IBUF_BUFG | u_lat/hist[35][31]_i_1_n_0                       | rst_n_IBUF_inst/O          |               22 |             32 |         1.45 |
|  clk_IBUF_BUFG | u_lat/hist[34][31]_i_1_n_0                       | rst_n_IBUF_inst/O          |               23 |             32 |         1.39 |
|  clk_IBUF_BUFG | u_lat/hist[33][31]_i_1_n_0                       | rst_n_IBUF_inst/O          |               20 |             32 |         1.60 |
|  clk_IBUF_BUFG | u_lat/hist[32][31]_i_1_n_0                       | rst_n_IBUF_inst/O          |               21 |             32 |         1.52 |
|  clk_IBUF_BUFG | u_lat/hist[31][31]_i_1_n_0                       | rst_n_IBUF_inst/O          |               23 |             32 |         1.39 |
|  clk_IBUF_BUFG | u_lat/hist[30][31]_i_1_n_0                       | rst_n_IBUF_inst/O          |               18 |             32 |         1.78 |
|  clk_IBUF_BUFG | u_lat/hist[2][31]_i_1_n_0                        | rst_n_IBUF_inst/O          |               22 |             32 |         1.45 |
|  clk_IBUF_BUFG | u_lat/hist[29][31]_i_1_n_0                       | rst_n_IBUF_inst/O          |               19 |             32 |         1.68 |
|  clk_IBUF_BUFG | u_lat/hist[28][31]_i_1_n_0                       | rst_n_IBUF_inst/O          |               21 |             32 |         1.52 |
|  clk_IBUF_BUFG | u_lat/hist[27][31]_i_1_n_0                       | rst_n_IBUF_inst/O          |               21 |             32 |         1.52 |
|  clk_IBUF_BUFG | u_lat/hist[26][31]_i_1_n_0                       | rst_n_IBUF_inst/O          |               20 |             32 |         1.60 |
|  clk_IBUF_BUFG | u_lat/hist[25][31]_i_1_n_0                       | rst_n_IBUF_inst/O          |               20 |             32 |         1.60 |
|  clk_IBUF_BUFG | u_lat/hist[55][31]_i_1_n_0                       | rst_n_IBUF_inst/O          |               23 |             32 |         1.39 |
|  clk_IBUF_BUFG | u_lat/hist[8][31]_i_1_n_0                        | rst_n_IBUF_inst/O          |               19 |             32 |         1.68 |
|  clk_IBUF_BUFG | u_lat/hist[7][31]_i_1_n_0                        | rst_n_IBUF_inst/O          |               21 |             32 |         1.52 |
|  clk_IBUF_BUFG | u_lat/hist[6][31]_i_1_n_0                        | rst_n_IBUF_inst/O          |               21 |             32 |         1.52 |
|  clk_IBUF_BUFG | u_lat/hist[63][31]_i_1_n_0                       | rst_n_IBUF_inst/O          |               23 |             32 |         1.39 |
|  clk_IBUF_BUFG | u_lat/hist[62][31]_i_1_n_0                       | rst_n_IBUF_inst/O          |               17 |             32 |         1.88 |
|  clk_IBUF_BUFG | u_lat/hist[61][31]_i_1_n_0                       | rst_n_IBUF_inst/O          |               20 |             32 |         1.60 |
|  clk_IBUF_BUFG | u_lat/hist[60][31]_i_1_n_0                       | rst_n_IBUF_inst/O          |               19 |             32 |         1.68 |
|  clk_IBUF_BUFG | u_lat/hist[5][31]_i_1_n_0                        | rst_n_IBUF_inst/O          |               22 |             32 |         1.45 |
|  clk_IBUF_BUFG | u_lat/hist[59][31]_i_1_n_0                       | rst_n_IBUF_inst/O          |               18 |             32 |         1.78 |
|  clk_IBUF_BUFG | u_lat/last_latency_cycles[31]_i_1_n_0            | rst_n_IBUF_inst/O          |                4 |             32 |         8.00 |
|  clk_IBUF_BUFG | u_lat/hist[58][31]_i_1_n_0                       | rst_n_IBUF_inst/O          |               16 |             32 |         2.00 |
|  clk_IBUF_BUFG | u_lat/hist[57][31]_i_1_n_0                       | rst_n_IBUF_inst/O          |               21 |             32 |         1.52 |
|  clk_IBUF_BUFG | u_lat/hist[56][31]_i_1_n_0                       | rst_n_IBUF_inst/O          |               17 |             32 |         1.88 |
|  clk_IBUF_BUFG | u_lat/hist[45][31]_i_1_n_0                       | rst_n_IBUF_inst/O          |               20 |             32 |         1.60 |
|  clk_IBUF_BUFG | u_lat/s_axil_rdata[31]_i_1_n_0                   | rst_n_IBUF_inst/O          |               15 |             32 |         2.13 |
|  clk_IBUF_BUFG | u_lat/hist[54][31]_i_1_n_0                       | rst_n_IBUF_inst/O          |               20 |             32 |         1.60 |
|  clk_IBUF_BUFG | u_lat/hist[53][31]_i_1_n_0                       | rst_n_IBUF_inst/O          |               21 |             32 |         1.52 |
|  clk_IBUF_BUFG | u_lat/hist[52][31]_i_1_n_0                       | rst_n_IBUF_inst/O          |               20 |             32 |         1.60 |
|  clk_IBUF_BUFG | u_lat/hist[51][31]_i_1_n_0                       | rst_n_IBUF_inst/O          |               23 |             32 |         1.39 |
|  clk_IBUF_BUFG | u_lat/hist[50][31]_i_1_n_0                       | rst_n_IBUF_inst/O          |               20 |             32 |         1.60 |
|  clk_IBUF_BUFG | u_lat/hist[4][31]_i_1_n_0                        | rst_n_IBUF_inst/O          |               21 |             32 |         1.52 |
|  clk_IBUF_BUFG | u_parser/msg_type[7]_i_1_n_0                     | u_parser/price[31]_i_1_n_0 |               10 |             32 |         3.20 |
|  clk_IBUF_BUFG | u_lat/hist[49][31]_i_1_n_0                       | rst_n_IBUF_inst/O          |               19 |             32 |         1.68 |
|  clk_IBUF_BUFG | u_lat/hist[48][31]_i_1_n_0                       | rst_n_IBUF_inst/O          |               21 |             32 |         1.52 |
|  clk_IBUF_BUFG | u_lat/hist[9][31]_i_1_n_0                        | rst_n_IBUF_inst/O          |               20 |             32 |         1.60 |
|  clk_IBUF_BUFG | u_lat/hist[46][31]_i_1_n_0                       | rst_n_IBUF_inst/O          |               21 |             32 |         1.52 |
|  clk_IBUF_BUFG | u_book/bid_lv[size][3][31]_i_1_n_0               | rst_n_IBUF_inst/O          |               21 |             32 |         1.52 |
|  clk_IBUF_BUFG | u_book/scan_bid_lv[size][3][31]_i_1_n_0          | rst_n_IBUF_inst/O          |               20 |             32 |         1.60 |
|  clk_IBUF_BUFG | u_book/scan_bid_lv[price][3][31]_i_1_n_0         | rst_n_IBUF_inst/O          |               11 |             32 |         2.91 |
|  clk_IBUF_BUFG | u_book/scan_bid_lv[price][2][31]_i_1_n_0         | rst_n_IBUF_inst/O          |               11 |             32 |         2.91 |
|  clk_IBUF_BUFG | u_book/scan_bid_lv[price][1][31]_i_1_n_0         | rst_n_IBUF_inst/O          |               14 |             32 |         2.29 |
|  clk_IBUF_BUFG | u_book/scan_bid_lv[price][0][31]_i_1_n_0         | rst_n_IBUF_inst/O          |               15 |             32 |         2.13 |
|  clk_IBUF_BUFG | u_book/scan_ask_lv[size][3][31]_i_1_n_0          | rst_n_IBUF_inst/O          |               10 |             32 |         3.20 |
|  clk_IBUF_BUFG | u_book/scan_ask_lv[price][3][31]_i_1_n_0         | rst_n_IBUF_inst/O          |               15 |             32 |         2.13 |
|  clk_IBUF_BUFG | u_book/scan_ask_lv[price][2][31]_i_1_n_0         | rst_n_IBUF_inst/O          |               10 |             32 |         3.20 |
|  clk_IBUF_BUFG | u_book/scan_ask_lv[price][1][31]_i_1_n_0         | rst_n_IBUF_inst/O          |               16 |             32 |         2.00 |
|  clk_IBUF_BUFG | u_book/scan_ask_lv[price][0][31]_i_1_n_0         | rst_n_IBUF_inst/O          |               16 |             32 |         2.00 |
|  clk_IBUF_BUFG | u_lat/hist[23][31]_i_1_n_0                       | rst_n_IBUF_inst/O          |               23 |             32 |         1.39 |
|  clk_IBUF_BUFG | u_book/bid_lv[price][3][31]_i_1_n_0              | rst_n_IBUF_inst/O          |               12 |             32 |         2.67 |
|  clk_IBUF_BUFG | u_book/bid_lv[price][2][31]_i_1_n_0              | rst_n_IBUF_inst/O          |               13 |             32 |         2.46 |
|  clk_IBUF_BUFG | u_book/bid_lv[price][1][31]_i_1_n_0              | rst_n_IBUF_inst/O          |               15 |             32 |         2.13 |
|  clk_IBUF_BUFG | u_book/bid_lv[price][0][31]_i_1_n_0              | rst_n_IBUF_inst/O          |               15 |             32 |         2.13 |
|  clk_IBUF_BUFG | u_book/ask_lv[size][3][31]_i_1_n_0               | rst_n_IBUF_inst/O          |               23 |             32 |         1.39 |
|  clk_IBUF_BUFG | u_book/ask_lv[price][3][31]_i_1_n_0              | rst_n_IBUF_inst/O          |               15 |             32 |         2.13 |
|  clk_IBUF_BUFG | u_book/ask_lv[price][2][31]_i_1_n_0              | rst_n_IBUF_inst/O          |               13 |             32 |         2.46 |
|  clk_IBUF_BUFG | u_book/ask_lv[price][1][31]_i_1_n_0              | rst_n_IBUF_inst/O          |               14 |             32 |         2.29 |
|  clk_IBUF_BUFG | u_book/ask_lv[price][0][31]_i_1_n_0              | rst_n_IBUF_inst/O          |               15 |             32 |         2.13 |
|  clk_IBUF_BUFG | u_book/E[0]                                      | rst_n_IBUF_inst/O          |                4 |             32 |         8.00 |
|  clk_IBUF_BUFG | u_lat/hist[20][31]_i_1_n_0                       | rst_n_IBUF_inst/O          |               22 |             32 |         1.45 |
|  clk_IBUF_BUFG | u_lat/hist[19][31]_i_1_n_0                       | rst_n_IBUF_inst/O          |               19 |             32 |         1.68 |
|  clk_IBUF_BUFG | u_lat/hist[18][31]_i_1_n_0                       | rst_n_IBUF_inst/O          |               22 |             32 |         1.45 |
|  clk_IBUF_BUFG | u_lat/hist[17][31]_i_1_n_0                       | rst_n_IBUF_inst/O          |               20 |             32 |         1.60 |
|  clk_IBUF_BUFG | u_lat/hist[16][31]_i_1_n_0                       | rst_n_IBUF_inst/O          |               22 |             32 |         1.45 |
|  clk_IBUF_BUFG | u_lat/hist[21][31]_i_1_n_0                       | rst_n_IBUF_inst/O          |               21 |             32 |         1.52 |
|  clk_IBUF_BUFG | u_lat/hist[15][31]_i_1_n_0                       | rst_n_IBUF_inst/O          |               17 |             32 |         1.88 |
|  clk_IBUF_BUFG | u_lat/hist[14][31]_i_1_n_0                       | rst_n_IBUF_inst/O          |               21 |             32 |         1.52 |
|  clk_IBUF_BUFG | u_lat/hist[13][31]_i_1_n_0                       | rst_n_IBUF_inst/O          |               22 |             32 |         1.45 |
|  clk_IBUF_BUFG | u_lat/hist[12][31]_i_1_n_0                       | rst_n_IBUF_inst/O          |               21 |             32 |         1.52 |
|  clk_IBUF_BUFG | u_lat/hist[11][31]_i_1_n_0                       | rst_n_IBUF_inst/O          |               17 |             32 |         1.88 |
|  clk_IBUF_BUFG | u_lat/hist[22][31]_i_1_n_0                       | rst_n_IBUF_inst/O          |               21 |             32 |         1.52 |
|  clk_IBUF_BUFG | u_lat/hist[10][31]_i_1_n_0                       | rst_n_IBUF_inst/O          |               20 |             32 |         1.60 |
|  clk_IBUF_BUFG | u_lat/hist[0][31]_i_1_n_0                        | rst_n_IBUF_inst/O          |               22 |             32 |         1.45 |
|  clk_IBUF_BUFG | u_strategy/cooldown_cnt[0]_i_1_n_0               | rst_n_IBUF_inst/O          |                4 |             32 |         8.00 |
|  clk_IBUF_BUFG | u_lat/hist[24][31]_i_1_n_0                       | rst_n_IBUF_inst/O          |               22 |             32 |         1.45 |
|  clk_IBUF_BUFG |                                                  |                            |               11 |             33 |         3.00 |
|  clk_IBUF_BUFG | u_strategy/decision_valid_i_1_n_0                | rst_n_IBUF_inst/O          |               14 |             38 |         2.71 |
|  clk_IBUF_BUFG | u_book/entries_reg[0][price]_64_127_0_6_i_1_n_0  |                            |                5 |             40 |         8.00 |
|  clk_IBUF_BUFG | u_book/entries_reg[0][price]_192_255_0_6_i_1_n_0 |                            |                5 |             40 |         8.00 |
|  clk_IBUF_BUFG | u_book/entries_reg[0][price]_128_191_0_6_i_1_n_0 |                            |                5 |             40 |         8.00 |
|  clk_IBUF_BUFG | u_book/entries_reg[0][price]_0_63_0_6_i_8_n_0    |                            |                5 |             40 |         8.00 |
|  clk_IBUF_BUFG | u_book/scan_bid_lv[size][0][31]_i_1_n_0          | rst_n_IBUF_inst/O          |               26 |             96 |         3.69 |
|  clk_IBUF_BUFG | u_book/ask_lv[size][0][31]_i_1_n_0               | rst_n_IBUF_inst/O          |               41 |             96 |         2.34 |
|  clk_IBUF_BUFG | u_book/bid_lv[size][0][31]_i_1_n_0               | rst_n_IBUF_inst/O          |               40 |             96 |         2.40 |
|  clk_IBUF_BUFG | u_book/scan_ask_lv[size][0][31]_i_1_n_0          | rst_n_IBUF_inst/O          |               27 |             96 |         3.56 |
|  clk_IBUF_BUFG | u_parser/msg_type[7]_i_1_n_0                     |                            |               63 |            169 |         2.68 |
|  clk_IBUF_BUFG | u_book/m_type[0]                                 |                            |               66 |            200 |         3.03 |
|  clk_IBUF_BUFG | u_book/rx                                        | rst_n_IBUF_inst/O          |               58 |            205 |         3.53 |
|  clk_IBUF_BUFG |                                                  | rst_n_IBUF_inst/O          |              236 |            582 |         2.47 |
+----------------+--------------------------------------------------+----------------------------+------------------+----------------+--------------+


